[0m13:16:49.511956 [debug] [MainThread]: Sending event: {'category': 'dbt', 'action': 'invocation', 'label': 'start', 'context': [<snowplow_tracker.self_describing_json.SelfDescribingJson object at 0x10a6f7e60>, <snowplow_tracker.self_describing_json.SelfDescribingJson object at 0x10a2a4830>, <snowplow_tracker.self_describing_json.SelfDescribingJson object at 0x10aca3a40>]}


============================== 13:16:49.516250 | bc57700d-7d4d-4b56-ace7-68b49ea7c580 ==============================
[0m13:16:49.516250 [info ] [MainThread]: Running with dbt=1.11.6
[0m13:16:49.516495 [debug] [MainThread]: running dbt with arguments {'no_print': 'None', 'printer_width': '80', 'indirect_selection': 'eager', 'log_path': 'logs', 'send_anonymous_usage_stats': 'True', 'use_experimental_parser': 'False', 'log_format': 'default', 'version_check': 'True', 'cache_selected_only': 'False', 'profiles_dir': '/Users/nicholascamacho/.dbt', 'log_cache_events': 'False', 'empty': 'None', 'warn_error_options': 'WarnErrorOptionsV2(error=[], warn=[], silence=[])', 'partial_parse': 'True', 'warn_error': 'None', 'fail_fast': 'False', 'target_path': 'None', 'use_colors': 'True', 'invocation_command': 'dbt init coin_dbt --skip-profile-setup', 'debug': 'False', 'write_json': 'True', 'introspect': 'True', 'static_parser': 'True', 'quiet': 'False'}
[0m13:16:49.523291 [info ] [MainThread]: Creating dbt configuration folder at /Users/nicholascamacho/.dbt
[0m13:16:49.524020 [debug] [MainThread]: Starter project path: /Users/nicholascamacho/dbt-env/lib/python3.12/site-packages/dbt/include/starter_project
[0m13:16:49.526744 [info ] [MainThread]: 
Your new dbt project "coin_dbt" was created!

For more information on how to configure the profiles.yml file,
please consult the dbt documentation here:

  https://docs.getdbt.com/docs/configure-your-profile

One more thing:

Need help? Don't hesitate to reach out to us via GitHub issues or on Slack:

  https://community.getdbt.com/

Happy modeling!

[0m13:16:49.773107 [debug] [MainThread]: Resource report: {"command_name": "init", "command_success": true, "command_wall_clock_time": 0.28957674, "process_in_blocks": "0", "process_kernel_time": 0.08792, "process_mem_max_rss": "106446848", "process_out_blocks": "0", "process_user_time": 0.514934}
[0m13:16:49.773656 [debug] [MainThread]: Command `dbt init` succeeded at 13:16:49.773573 after 0.29 seconds
[0m13:16:49.773924 [debug] [MainThread]: Sending event: {'category': 'dbt', 'action': 'invocation', 'label': 'end', 'context': [<snowplow_tracker.self_describing_json.SelfDescribingJson object at 0x10a9008f0>, <snowplow_tracker.self_describing_json.SelfDescribingJson object at 0x10ad12ed0>, <snowplow_tracker.self_describing_json.SelfDescribingJson object at 0x10a99fef0>]}
[0m13:16:49.774183 [debug] [MainThread]: Flushing usage events
[0m13:16:50.030537 [debug] [MainThread]: An error was encountered while trying to flush usage events
